<?xml version="1.0" encoding="UTF-8"?>
<!-- Generated by org.testng.reporters.JUnitReportReporter -->
<testsuite hostname="abhaysharmaji" failures="0" tests="1" name="Main_test.Test_dataprovider" time="26.598" errors="0" timestamp="2022-06-28T16:15:22 IST" skipped="0">
  <testcase classname="Main_test.Test_dataprovider" name="iengage_actions" time="26.598"/>
  <system-out/>
</testsuite> <!-- Main_test.Test_dataprovider -->
