<?xml version="1.0" encoding="UTF-8"?>
<!-- Generated by org.testng.reporters.JUnitReportReporter -->
<testsuite hostname="abhaysharmaji" failures="0" tests="1" name="Testcasewithconfig.Test_with_configfile" time="0.008" errors="0" timestamp="2022-06-28T16:30:18 IST" skipped="0">
  <testcase classname="Testcasewithconfig.Test_with_configfile" name="iengage" time="0.008"/>
  <system-out/>
</testsuite> <!-- Testcasewithconfig.Test_with_configfile -->
